# JRE version: Java(TM) SE Runtime Environment (8.0-b132) (build 1.8.0-b132)
# Java VM: Java HotSpot(TM) 64-Bit Server VM (25.0-b70 mixed mode windows-amd64 compressed oops)
Heap:
 PSYoungGen      total 220160K, used 211844K [0x00000000f0000000, 0x0000000100000000, 0x0000000100000000)
  eden space 184320K, 99% used [0x00000000f0000000,0x00000000fb29a910,0x00000000fb400000)
  from space 35840K, 80% used [0x00000000fdd00000,0x00000000ff9468e8,0x0000000100000000)
  to   space 38912K, 0% used [0x00000000fb400000,0x00000000fb400000,0x00000000fda00000)
 ParOldGen       total 113664K, used 95382K [0x00000000d0000000, 0x00000000d6f00000, 0x00000000f0000000)
  object space 113664K, 83% used [0x00000000d0000000,0x00000000d5d25a08,0x00000000d6f00000)
 Metaspace       used 67749K, capacity 69566K, committed 69760K, reserved 1112064K
  class space    used 7556K, capacity 8037K, committed 8064K, reserved 1048576K
GC Heap History (10 events):
Event: 71.475 GC heap before
{Heap before GC invocations=67 (full 6):
 PSYoungGen      total 235008K, used 233841K [0x00000000f0000000, 0x0000000100000000, 0x0000000100000000)
  eden space 214016K, 100% used [0x00000000f0000000,0x00000000fd100000,0x00000000fd100000)
  from space 20992K, 94% used [0x00000000feb80000,0x00000000ffedc460,0x0000000100000000)
  to   space 24064K, 0% used [0x00000000fd100000,0x00000000fd100000,0x00000000fe880000)
 ParOldGen       total 95744K, used 78334K [0x00000000d0000000, 0x00000000d5d80000, 0x00000000f0000000)
  object space 95744K, 81% used [0x00000000d0000000,0x00000000d4c7f9a8,0x00000000d5d80000)
 Metaspace       used 62473K, capacity 64118K, committed 64640K, reserved 1105920K
  class space    used 6761K, capacity 7247K, committed 7296K, reserved 1048576K
Event: 71.652 GC heap after
Heap after GC invocations=67 (full 6):
 PSYoungGen      total 237056K, used 22584K [0x00000000f0000000, 0x0000000100000000, 0x0000000100000000)
  eden space 214016K, 0% used [0x00000000f0000000,0x00000000f0000000,0x00000000fd100000)
  from space 23040K, 98% used [0x00000000fd100000,0x00000000fe70e030,0x00000000fe780000)
  to   space 25088K, 0% used [0x00000000fe780000,0x00000000fe780000,0x0000000100000000)
 ParOldGen       total 95744K, used 78342K [0x00000000d0000000, 0x00000000d5d80000, 0x00000000f0000000)
  object space 95744K, 81% used [0x00000000d0000000,0x00000000d4c819a8,0x00000000d5d80000)
 Metaspace       used 62473K, capacity 64118K, committed 64640K, reserved 1105920K
  class space    used 6761K, capacity 7247K, committed 7296K, reserved 1048576K
}
Event: 76.760 GC heap before
{Heap before GC invocations=68 (full 6):
 PSYoungGen      total 237056K, used 236600K [0x00000000f0000000, 0x0000000100000000, 0x0000000100000000)
  eden space 214016K, 100% used [0x00000000f0000000,0x00000000fd100000,0x00000000fd100000)
  from space 23040K, 98% used [0x00000000fd100000,0x00000000fe70e030,0x00000000fe780000)
  to   space 25088K, 0% used [0x00000000fe780000,0x00000000fe780000,0x0000000100000000)
 ParOldGen       total 95744K, used 78342K [0x00000000d0000000, 0x00000000d5d80000, 0x00000000f0000000)
  object space 95744K, 81% used [0x00000000d0000000,0x00000000d4c819a8,0x00000000d5d80000)
 Metaspace       used 64313K, capacity 65884K, committed 66432K, reserved 1107968K
  class space    used 7009K, capacity 7472K, committed 7552K, reserved 1048576K
Event: 77.017 GC heap after
Heap after GC invocations=68 (full 6):
 PSYoungGen      total 219648K, used 25063K [0x00000000f0000000, 0x0000000100000000, 0x0000000100000000)
  eden space 194560K, 0% used [0x00000000f0000000,0x00000000f0000000,0x00000000fbe00000)
  from space 25088K, 99% used [0x00000000fe780000,0x00000000ffff9fe0,0x0000000100000000)
  to   space 33792K, 0% used [0x00000000fbe00000,0x00000000fbe00000,0x00000000fdf00000)
 ParOldGen       total 95744K, used 86129K [0x00000000d0000000, 0x00000000d5d80000, 0x00000000f0000000)
  object space 95744K, 89% used [0x00000000d0000000,0x00000000d541c610,0x00000000d5d80000)
 Metaspace       used 64313K, capacity 65884K, committed 66432K, reserved 1107968K
  class space    used 7009K, capacity 7472K, committed 7552K, reserved 1048576K
}
Event: 77.017 GC heap before
{Heap before GC invocations=69 (full 7):
 PSYoungGen      total 219648K, used 25063K [0x00000000f0000000, 0x0000000100000000, 0x0000000100000000)
  eden space 194560K, 0% used [0x00000000f0000000,0x00000000f0000000,0x00000000fbe00000)
  from space 25088K, 99% used [0x00000000fe780000,0x00000000ffff9fe0,0x0000000100000000)
  to   space 33792K, 0% used [0x00000000fbe00000,0x00000000fbe00000,0x00000000fdf00000)
 ParOldGen       total 95744K, used 86129K [0x00000000d0000000, 0x00000000d5d80000, 0x00000000f0000000)
  object space 95744K, 89% used [0x00000000d0000000,0x00000000d541c610,0x00000000d5d80000)
 Metaspace       used 64313K, capacity 65884K, committed 66432K, reserved 1107968K
  class space    used 7009K, capacity 7472K, committed 7552K, reserved 1048576K
Event: 78.515 GC heap after
Heap after GC invocations=69 (full 7):
 PSYoungGen      total 219648K, used 15207K [0x00000000f0000000, 0x0000000100000000, 0x0000000100000000)
  eden space 194560K, 0% used [0x00000000f0000000,0x00000000f0000000,0x00000000fbe00000)
  from space 25088K, 60% used [0x00000000fe780000,0x00000000ff659e30,0x0000000100000000)
  to   space 33792K, 0% used [0x00000000fbe00000,0x00000000fbe00000,0x00000000fdf00000)
 ParOldGen       total 113664K, used 95366K [0x00000000d0000000, 0x00000000d6f00000, 0x00000000f0000000)
  object space 113664K, 83% used [0x00000000d0000000,0x00000000d5d21a08,0x00000000d6f00000)
 Metaspace       used 64309K, capacity 65878K, committed 66432K, reserved 1107968K
  class space    used 7009K, capacity 7471K, committed 7552K, reserved 1048576K
}
Event: 81.567 GC heap before
{Heap before GC invocations=70 (full 7):
 PSYoungGen      total 219648K, used 209767K [0x00000000f0000000, 0x0000000100000000, 0x0000000100000000)
  eden space 194560K, 100% used [0x00000000f0000000,0x00000000fbe00000,0x00000000fbe00000)
  from space 25088K, 60% used [0x00000000fe780000,0x00000000ff659e30,0x0000000100000000)
  to   space 33792K, 0% used [0x00000000fbe00000,0x00000000fbe00000,0x00000000fdf00000)
 ParOldGen       total 113664K, used 95366K [0x00000000d0000000, 0x00000000d6f00000, 0x00000000f0000000)
  object space 113664K, 83% used [0x00000000d0000000,0x00000000d5d21a08,0x00000000d6f00000)
 Metaspace       used 65607K, capacity 67352K, committed 67712K, reserved 1110016K
  class space    used 7201K, capacity 7692K, committed 7808K, reserved 1048576K
Event: 81.774 GC heap after
Heap after GC invocations=70 (full 7):
 PSYoungGen      total 218112K, used 23114K [0x00000000f0000000, 0x0000000100000000, 0x0000000100000000)
  eden space 194560K, 0% used [0x00000000f0000000,0x00000000f0000000,0x00000000fbe00000)
  from space 23552K, 98% used [0x00000000fbe00000,0x00000000fd492970,0x00000000fd500000)
  to   space 35840K, 0% used [0x00000000fdd00000,0x00000000fdd00000,0x0000000100000000)
 ParOldGen       total 113664K, used 95374K [0x00000000d0000000, 0x00000000d6f00000, 0x00000000f0000000)
  object space 113664K, 83% used [0x00000000d0000000,0x00000000d5d23a08,0x00000000d6f00000)
 Metaspace       used 65607K, capacity 67352K, committed 67712K, reserved 1110016K
  class space    used 7201K, capacity 7692K, committed 7808K, reserved 1048576K
}
Event: 84.478 GC heap before
{Heap before GC invocations=71 (full 7):
 PSYoungGen      total 218112K, used 217674K [0x00000000f0000000, 0x0000000100000000, 0x0000000100000000)
  eden space 194560K, 100% used [0x00000000f0000000,0x00000000fbe00000,0x00000000fbe00000)
  from space 23552K, 98% used [0x00000000fbe00000,0x00000000fd492970,0x00000000fd500000)
  to   space 35840K, 0% used [0x00000000fdd00000,0x00000000fdd00000,0x0000000100000000)
 ParOldGen       total 113664K, used 95374K [0x00000000d0000000, 0x00000000d6f00000, 0x00000000f0000000)
  object space 113664K, 83% used [0x00000000d0000000,0x00000000d5d23a08,0x00000000d6f00000)
 Metaspace       used 66552K, capacity 68350K, committed 68608K, reserved 1110016K
  class space    used 7338K, capacity 7845K, committed 7936K, reserved 1048576K
Event: 84.705 GC heap after
Heap after GC invocations=71 (full 7):
 PSYoungGen      total 220160K, used 28954K [0x00000000f0000000, 0x0000000100000000, 0x0000000100000000)
  eden space 184320K, 0% used [0x00000000f0000000,0x00000000f0000000,0x00000000fb400000)
  from space 35840K, 80% used [0x00000000fdd00000,0x00000000ff9468e8,0x0000000100000000)
  to   space 38912K, 0% used [0x00000000fb400000,0x00000000fb400000,0x00000000fda00000)
 ParOldGen       total 113664K, used 95382K [0x00000000d0000000, 0x00000000d6f00000, 0x00000000f0000000)
  object space 113664K, 83% used [0x00000000d0000000,0x00000000d5d25a08,0x00000000d6f00000)
 Metaspace       used 66552K, capacity 68350K, committed 68608K, reserved 1110016K
  class space    used 7338K, capacity 7845K, committed 7936K, reserved 1048576K
}

