# JRE version: Java(TM) SE Runtime Environment (8.0-b132) (build 1.8.0-b132)
# Java VM: Java HotSpot(TM) 64-Bit Server VM (25.0-b70 mixed mode windows-amd64 compressed oops)
Heap:
 PSYoungGen      total 230912K, used 229623K [0x00000000f0000000, 0x0000000100000000, 0x0000000100000000)
  eden space 212992K, 99% used [0x00000000f0000000,0x00000000fcee1788,0x00000000fd000000)
  from space 17920K, 99% used [0x00000000fd000000,0x00000000fe15c678,0x00000000fe180000)
  to   space 26112K, 0% used [0x00000000fe680000,0x00000000fe680000,0x0000000100000000)
 ParOldGen       total 114688K, used 96634K [0x00000000d0000000, 0x00000000d7000000, 0x00000000f0000000)
  object space 114688K, 84% used [0x00000000d0000000,0x00000000d5e5ea00,0x00000000d7000000)
 Metaspace       used 65660K, capacity 67320K, committed 67684K, reserved 1110016K
  class space    used 7219K, capacity 7705K, committed 7780K, reserved 1048576K
GC Heap History (10 events):
Event: 131.780 GC heap before
{Heap before GC invocations=56 (full 6):
 PSYoungGen      total 248320K, used 239984K [0x00000000f0000000, 0x0000000100000000, 0x0000000100000000)
  eden space 236032K, 98% used [0x00000000f0000000,0x00000000fe225920,0x00000000fe680000)
  from space 12288K, 68% used [0x00000000fe680000,0x00000000feeb6990,0x00000000ff280000)
  to   space 12800K, 0% used [0x00000000ff380000,0x00000000ff380000,0x0000000100000000)
 ParOldGen       total 95744K, used 77604K [0x00000000d0000000, 0x00000000d5d80000, 0x00000000f0000000)
  object space 95744K, 81% used [0x00000000d0000000,0x00000000d4bc9110,0x00000000d5d80000)
 Metaspace       used 60032K, capacity 61600K, committed 62052K, reserved 1103872K
  class space    used 6483K, capacity 6981K, committed 7012K, reserved 1048576K
Event: 131.856 GC heap after
Heap after GC invocations=56 (full 6):
 PSYoungGen      total 243200K, used 12781K [0x00000000f0000000, 0x0000000100000000, 0x0000000100000000)
  eden space 230400K, 0% used [0x00000000f0000000,0x00000000f0000000,0x00000000fe100000)
  from space 12800K, 99% used [0x00000000ff380000,0x00000000ffffb5d0,0x0000000100000000)
  to   space 15872K, 0% used [0x00000000fe100000,0x00000000fe100000,0x00000000ff080000)
 ParOldGen       total 95744K, used 79823K [0x00000000d0000000, 0x00000000d5d80000, 0x00000000f0000000)
  object space 95744K, 83% used [0x00000000d0000000,0x00000000d4df3db8,0x00000000d5d80000)
 Metaspace       used 60032K, capacity 61600K, committed 62052K, reserved 1103872K
  class space    used 6483K, capacity 6981K, committed 7012K, reserved 1048576K
}
Event: 136.154 GC heap before
{Heap before GC invocations=57 (full 6):
 PSYoungGen      total 243200K, used 241715K [0x00000000f0000000, 0x0000000100000000, 0x0000000100000000)
  eden space 230400K, 99% used [0x00000000f0000000,0x00000000fdf91790,0x00000000fe100000)
  from space 12800K, 99% used [0x00000000ff380000,0x00000000ffffb5d0,0x0000000100000000)
  to   space 15872K, 0% used [0x00000000fe100000,0x00000000fe100000,0x00000000ff080000)
 ParOldGen       total 95744K, used 79823K [0x00000000d0000000, 0x00000000d5d80000, 0x00000000f0000000)
  object space 95744K, 83% used [0x00000000d0000000,0x00000000d4df3db8,0x00000000d5d80000)
 Metaspace       used 61548K, capacity 63130K, committed 63588K, reserved 1105920K
  class space    used 6660K, capacity 7149K, committed 7268K, reserved 1048576K
Event: 136.230 GC heap after
Heap after GC invocations=57 (full 6):
 PSYoungGen      total 246272K, used 15865K [0x00000000f0000000, 0x0000000100000000, 0x0000000100000000)
  eden space 230400K, 0% used [0x00000000f0000000,0x00000000f0000000,0x00000000fe100000)
  from space 15872K, 99% used [0x00000000fe100000,0x00000000ff07e668,0x00000000ff080000)
  to   space 15872K, 0% used [0x00000000ff080000,0x00000000ff080000,0x0000000100000000)
 ParOldGen       total 95744K, used 84691K [0x00000000d0000000, 0x00000000d5d80000, 0x00000000f0000000)
  object space 95744K, 88% used [0x00000000d0000000,0x00000000d52b4e80,0x00000000d5d80000)
 Metaspace       used 61548K, capacity 63130K, committed 63588K, reserved 1105920K
  class space    used 6660K, capacity 7149K, committed 7268K, reserved 1048576K
}
Event: 141.512 GC heap before
{Heap before GC invocations=58 (full 6):
 PSYoungGen      total 246272K, used 246265K [0x00000000f0000000, 0x0000000100000000, 0x0000000100000000)
  eden space 230400K, 100% used [0x00000000f0000000,0x00000000fe100000,0x00000000fe100000)
  from space 15872K, 99% used [0x00000000fe100000,0x00000000ff07e668,0x00000000ff080000)
  to   space 15872K, 0% used [0x00000000ff080000,0x00000000ff080000,0x0000000100000000)
 ParOldGen       total 95744K, used 84691K [0x00000000d0000000, 0x00000000d5d80000, 0x00000000f0000000)
  object space 95744K, 88% used [0x00000000d0000000,0x00000000d52b4e80,0x00000000d5d80000)
 Metaspace       used 62897K, capacity 64486K, committed 64996K, reserved 1107968K
  class space    used 6794K, capacity 7279K, committed 7396K, reserved 1048576K
Event: 141.672 GC heap after
Heap after GC invocations=58 (full 6):
 PSYoungGen      total 228864K, used 15863K [0x00000000f0000000, 0x0000000100000000, 0x0000000100000000)
  eden space 212992K, 0% used [0x00000000f0000000,0x00000000f0000000,0x00000000fd000000)
  from space 15872K, 99% used [0x00000000ff080000,0x00000000ffffdc90,0x0000000100000000)
  to   space 24576K, 0% used [0x00000000fd000000,0x00000000fd000000,0x00000000fe800000)
 ParOldGen       total 95744K, used 91343K [0x00000000d0000000, 0x00000000d5d80000, 0x00000000f0000000)
  object space 95744K, 95% used [0x00000000d0000000,0x00000000d5933ca0,0x00000000d5d80000)
 Metaspace       used 62897K, capacity 64486K, committed 64996K, reserved 1107968K
  class space    used 6794K, capacity 7279K, committed 7396K, reserved 1048576K
}
Event: 141.672 GC heap before
{Heap before GC invocations=59 (full 7):
 PSYoungGen      total 228864K, used 15863K [0x00000000f0000000, 0x0000000100000000, 0x0000000100000000)
  eden space 212992K, 0% used [0x00000000f0000000,0x00000000f0000000,0x00000000fd000000)
  from space 15872K, 99% used [0x00000000ff080000,0x00000000ffffdc90,0x0000000100000000)
  to   space 24576K, 0% used [0x00000000fd000000,0x00000000fd000000,0x00000000fe800000)
 ParOldGen       total 95744K, used 91343K [0x00000000d0000000, 0x00000000d5d80000, 0x00000000f0000000)
  object space 95744K, 95% used [0x00000000d0000000,0x00000000d5933ca0,0x00000000d5d80000)
 Metaspace       used 62897K, capacity 64486K, committed 64996K, reserved 1107968K
  class space    used 6794K, capacity 7279K, committed 7396K, reserved 1048576K
Event: 143.647 GC heap after
Heap after GC invocations=59 (full 7):
 PSYoungGen      total 228864K, used 9688K [0x00000000f0000000, 0x0000000100000000, 0x0000000100000000)
  eden space 212992K, 0% used [0x00000000f0000000,0x00000000f0000000,0x00000000fd000000)
  from space 15872K, 61% used [0x00000000ff080000,0x00000000ff9f6040,0x0000000100000000)
  to   space 24576K, 0% used [0x00000000fd000000,0x00000000fd000000,0x00000000fe800000)
 ParOldGen       total 114688K, used 95318K [0x00000000d0000000, 0x00000000d7000000, 0x00000000f0000000)
  object space 114688K, 83% used [0x00000000d0000000,0x00000000d5d159e0,0x00000000d7000000)
 Metaspace       used 62894K, capacity 64480K, committed 64996K, reserved 1107968K
  class space    used 6794K, capacity 7278K, committed 7396K, reserved 1048576K
}
Event: 148.246 GC heap before
{Heap before GC invocations=60 (full 7):
 PSYoungGen      total 228864K, used 222680K [0x00000000f0000000, 0x0000000100000000, 0x0000000100000000)
  eden space 212992K, 100% used [0x00000000f0000000,0x00000000fd000000,0x00000000fd000000)
  from space 15872K, 61% used [0x00000000ff080000,0x00000000ff9f6040,0x0000000100000000)
  to   space 24576K, 0% used [0x00000000fd000000,0x00000000fd000000,0x00000000fe800000)
 ParOldGen       total 114688K, used 95318K [0x00000000d0000000, 0x00000000d7000000, 0x00000000f0000000)
  object space 114688K, 83% used [0x00000000d0000000,0x00000000d5d159e0,0x00000000d7000000)
 Metaspace       used 64576K, capacity 66244K, committed 66788K, reserved 1107968K
  class space    used 7062K, capacity 7525K, committed 7652K, reserved 1048576K
Event: 148.510 GC heap after
Heap after GC invocations=60 (full 7):
 PSYoungGen      total 230912K, used 17777K [0x00000000f0000000, 0x0000000100000000, 0x0000000100000000)
  eden space 212992K, 0% used [0x00000000f0000000,0x00000000f0000000,0x00000000fd000000)
  from space 17920K, 99% used [0x00000000fd000000,0x00000000fe15c678,0x00000000fe180000)
  to   space 26112K, 0% used [0x00000000fe680000,0x00000000fe680000,0x0000000100000000)
 ParOldGen       total 114688K, used 96634K [0x00000000d0000000, 0x00000000d7000000, 0x00000000f0000000)
  object space 114688K, 84% used [0x00000000d0000000,0x00000000d5e5ea00,0x00000000d7000000)
 Metaspace       used 64576K, capacity 66244K, committed 66788K, reserved 1107968K
  class space    used 7062K, capacity 7525K, committed 7652K, reserved 1048576K
}

