# JRE version: Java(TM) SE Runtime Environment (8.0-b132) (build 1.8.0-b132)
# Java VM: Java HotSpot(TM) 64-Bit Server VM (25.0-b70 mixed mode windows-amd64 compressed oops)
Heap:
 PSYoungGen      total 219136K, used 97747K [0x00000000f0000000, 0x0000000100000000, 0x0000000100000000)
  eden space 199680K, 39% used [0x00000000f0000000,0x00000000f4ce2a10,0x00000000fc300000)
  from space 19456K, 97% used [0x00000000fc300000,0x00000000fd592268,0x00000000fd600000)
  to   space 31744K, 0% used [0x00000000fe100000,0x00000000fe100000,0x0000000100000000)
 ParOldGen       total 121856K, used 110919K [0x00000000d0000000, 0x00000000d7700000, 0x00000000f0000000)
  object space 121856K, 91% used [0x00000000d0000000,0x00000000d6c51e48,0x00000000d7700000)
 Metaspace       used 70790K, capacity 72884K, committed 73216K, reserved 1114112K
  class space    used 7952K, capacity 8616K, committed 8704K, reserved 1048576K
GC Heap History (10 events):
Event: 110.530 GC heap before
{Heap before GC invocations=59 (full 7):
 PSYoungGen      total 234496K, used 234220K [0x00000000f0000000, 0x0000000100000000, 0x0000000100000000)
  eden space 220160K, 100% used [0x00000000f0000000,0x00000000fd700000,0x00000000fd700000)
  from space 14336K, 98% used [0x00000000fd700000,0x00000000fe4bb3c0,0x00000000fe500000)
  to   space 22016K, 0% used [0x00000000fea80000,0x00000000fea80000,0x0000000100000000)
 ParOldGen       total 105472K, used 91508K [0x00000000d0000000, 0x00000000d6700000, 0x00000000f0000000)
  object space 105472K, 86% used [0x00000000d0000000,0x00000000d595d3e0,0x00000000d6700000)
 Metaspace       used 64658K, capacity 66296K, committed 66816K, reserved 1107968K
  class space    used 7075K, capacity 7563K, committed 7680K, reserved 1048576K
Event: 110.628 GC heap after
Heap after GC invocations=59 (full 7):
 PSYoungGen      total 231936K, used 22011K [0x00000000f0000000, 0x0000000100000000, 0x0000000100000000)
  eden space 209920K, 0% used [0x00000000f0000000,0x00000000f0000000,0x00000000fcd00000)
  from space 22016K, 99% used [0x00000000fea80000,0x00000000ffffee58,0x0000000100000000)
  to   space 26112K, 0% used [0x00000000fcd00000,0x00000000fcd00000,0x00000000fe680000)
 ParOldGen       total 105472K, used 92515K [0x00000000d0000000, 0x00000000d6700000, 0x00000000f0000000)
  object space 105472K, 87% used [0x00000000d0000000,0x00000000d5a58e28,0x00000000d6700000)
 Metaspace       used 64658K, capacity 66296K, committed 66816K, reserved 1107968K
  class space    used 7075K, capacity 7563K, committed 7680K, reserved 1048576K
}
Event: 113.145 GC heap before
{Heap before GC invocations=60 (full 7):
 PSYoungGen      total 231936K, used 231931K [0x00000000f0000000, 0x0000000100000000, 0x0000000100000000)
  eden space 209920K, 100% used [0x00000000f0000000,0x00000000fcd00000,0x00000000fcd00000)
  from space 22016K, 99% used [0x00000000fea80000,0x00000000ffffee58,0x0000000100000000)
  to   space 26112K, 0% used [0x00000000fcd00000,0x00000000fcd00000,0x00000000fe680000)
 ParOldGen       total 105472K, used 92515K [0x00000000d0000000, 0x00000000d6700000, 0x00000000f0000000)
  object space 105472K, 87% used [0x00000000d0000000,0x00000000d5a58e28,0x00000000d6700000)
 Metaspace       used 66003K, capacity 67794K, committed 67968K, reserved 1110016K
  class space    used 7261K, capacity 7743K, committed 7808K, reserved 1048576K
Event: 113.275 GC heap after
Heap after GC invocations=60 (full 7):
 PSYoungGen      total 236032K, used 26095K [0x00000000f0000000, 0x0000000100000000, 0x0000000100000000)
  eden space 209920K, 0% used [0x00000000f0000000,0x00000000f0000000,0x00000000fcd00000)
  from space 26112K, 99% used [0x00000000fcd00000,0x00000000fe67bd30,0x00000000fe680000)
  to   space 26112K, 0% used [0x00000000fe680000,0x00000000fe680000,0x0000000100000000)
 ParOldGen       total 105472K, used 96924K [0x00000000d0000000, 0x00000000d6700000, 0x00000000f0000000)
  object space 105472K, 91% used [0x00000000d0000000,0x00000000d5ea70f0,0x00000000d6700000)
 Metaspace       used 66003K, capacity 67794K, committed 67968K, reserved 1110016K
  class space    used 7261K, capacity 7743K, committed 7808K, reserved 1048576K
}
Event: 113.275 GC heap before
{Heap before GC invocations=61 (full 8):
 PSYoungGen      total 236032K, used 26095K [0x00000000f0000000, 0x0000000100000000, 0x0000000100000000)
  eden space 209920K, 0% used [0x00000000f0000000,0x00000000f0000000,0x00000000fcd00000)
  from space 26112K, 99% used [0x00000000fcd00000,0x00000000fe67bd30,0x00000000fe680000)
  to   space 26112K, 0% used [0x00000000fe680000,0x00000000fe680000,0x0000000100000000)
 ParOldGen       total 105472K, used 96924K [0x00000000d0000000, 0x00000000d6700000, 0x00000000f0000000)
  object space 105472K, 91% used [0x00000000d0000000,0x00000000d5ea70f0,0x00000000d6700000)
 Metaspace       used 66003K, capacity 67794K, committed 67968K, reserved 1110016K
  class space    used 7261K, capacity 7743K, committed 7808K, reserved 1048576K
Event: 115.119 GC heap after
Heap after GC invocations=61 (full 8):
 PSYoungGen      total 236032K, used 15636K [0x00000000f0000000, 0x0000000100000000, 0x0000000100000000)
  eden space 209920K, 0% used [0x00000000f0000000,0x00000000f0000000,0x00000000fcd00000)
  from space 26112K, 59% used [0x00000000fcd00000,0x00000000fdc45120,0x00000000fe680000)
  to   space 26112K, 0% used [0x00000000fe680000,0x00000000fe680000,0x0000000100000000)
 ParOldGen       total 121856K, used 105139K [0x00000000d0000000, 0x00000000d7700000, 0x00000000f0000000)
  object space 121856K, 86% used [0x00000000d0000000,0x00000000d66acf70,0x00000000d7700000)
 Metaspace       used 65999K, capacity 67788K, committed 67968K, reserved 1110016K
  class space    used 7261K, capacity 7742K, committed 7808K, reserved 1048576K
}
Event: 117.658 GC heap before
{Heap before GC invocations=62 (full 8):
 PSYoungGen      total 236032K, used 217198K [0x00000000f0000000, 0x0000000100000000, 0x0000000100000000)
  eden space 209920K, 96% used [0x00000000f0000000,0x00000000fc4d6aa8,0x00000000fcd00000)
  from space 26112K, 59% used [0x00000000fcd00000,0x00000000fdc45120,0x00000000fe680000)
  to   space 26112K, 0% used [0x00000000fe680000,0x00000000fe680000,0x0000000100000000)
 ParOldGen       total 121856K, used 105139K [0x00000000d0000000, 0x00000000d7700000, 0x00000000f0000000)
  object space 121856K, 86% used [0x00000000d0000000,0x00000000d66acf70,0x00000000d7700000)
 Metaspace       used 67397K, capacity 69172K, committed 69248K, reserved 1110016K
  class space    used 7503K, capacity 8007K, committed 8064K, reserved 1048576K
Event: 117.849 GC heap after
Heap after GC invocations=62 (full 8):
 PSYoungGen      total 225792K, used 14366K [0x00000000f0000000, 0x0000000100000000, 0x0000000100000000)
  eden space 199680K, 0% used [0x00000000f0000000,0x00000000f0000000,0x00000000fc300000)
  from space 26112K, 55% used [0x00000000fe680000,0x00000000ff487880,0x0000000100000000)
  to   space 31232K, 0% used [0x00000000fc300000,0x00000000fc300000,0x00000000fe180000)
 ParOldGen       total 121856K, used 110911K [0x00000000d0000000, 0x00000000d7700000, 0x00000000f0000000)
  object space 121856K, 91% used [0x00000000d0000000,0x00000000d6c4fe48,0x00000000d7700000)
 Metaspace       used 67397K, capacity 69172K, committed 69248K, reserved 1110016K
  class space    used 7503K, capacity 8007K, committed 8064K, reserved 1048576K
}
Event: 122.256 GC heap before
{Heap before GC invocations=63 (full 8):
 PSYoungGen      total 225792K, used 214046K [0x00000000f0000000, 0x0000000100000000, 0x0000000100000000)
  eden space 199680K, 100% used [0x00000000f0000000,0x00000000fc300000,0x00000000fc300000)
  from space 26112K, 55% used [0x00000000fe680000,0x00000000ff487880,0x0000000100000000)
  to   space 31232K, 0% used [0x00000000fc300000,0x00000000fc300000,0x00000000fe180000)
 ParOldGen       total 121856K, used 110911K [0x00000000d0000000, 0x00000000d7700000, 0x00000000f0000000)
  object space 121856K, 91% used [0x00000000d0000000,0x00000000d6c4fe48,0x00000000d7700000)
 Metaspace       used 69824K, capacity 71678K, committed 71936K, reserved 1112064K
  class space    used 7809K, capacity 8398K, committed 8448K, reserved 1048576K
Event: 122.352 GC heap after
Heap after GC invocations=63 (full 8):
 PSYoungGen      total 219136K, used 19016K [0x00000000f0000000, 0x0000000100000000, 0x0000000100000000)
  eden space 199680K, 0% used [0x00000000f0000000,0x00000000f0000000,0x00000000fc300000)
  from space 19456K, 97% used [0x00000000fc300000,0x00000000fd592268,0x00000000fd600000)
  to   space 31744K, 0% used [0x00000000fe100000,0x00000000fe100000,0x0000000100000000)
 ParOldGen       total 121856K, used 110919K [0x00000000d0000000, 0x00000000d7700000, 0x00000000f0000000)
  object space 121856K, 91% used [0x00000000d0000000,0x00000000d6c51e48,0x00000000d7700000)
 Metaspace       used 69824K, capacity 71678K, committed 71936K, reserved 1112064K
  class space    used 7809K, capacity 8398K, committed 8448K, reserved 1048576K
}

