# JRE version: Java(TM) SE Runtime Environment (8.0-b132) (build 1.8.0-b132)
# Java VM: Java HotSpot(TM) 64-Bit Server VM (25.0-b70 mixed mode windows-amd64 compressed oops)
Heap:
 PSYoungGen      total 239616K, used 78278K [0x00000000f0000000, 0x0000000100000000, 0x0000000100000000)
  eden space 217088K, 25% used [0x00000000f0000000,0x00000000f3673738,0x00000000fd400000)
  from space 22528K, 99% used [0x00000000fd400000,0x00000000fe9fe3e0,0x00000000fea00000)
  to   space 22528K, 0% used [0x00000000fea00000,0x00000000fea00000,0x0000000100000000)
 ParOldGen       total 104448K, used 90973K [0x00000000d0000000, 0x00000000d6600000, 0x00000000f0000000)
  object space 104448K, 87% used [0x00000000d0000000,0x00000000d58d7648,0x00000000d6600000)
 Metaspace       used 64801K, capacity 66504K, committed 66772K, reserved 1107968K
  class space    used 7092K, capacity 7573K, committed 7680K, reserved 1048576K
GC Heap History (10 events):
Event: 80.944 GC heap before
{Heap before GC invocations=58 (full 6):
 PSYoungGen      total 248832K, used 248690K [0x00000000f0000000, 0x0000000100000000, 0x0000000100000000)
  eden space 237056K, 100% used [0x00000000f0000000,0x00000000fe780000,0x00000000fe780000)
  from space 11776K, 98% used [0x00000000fe780000,0x00000000ff2dca10,0x00000000ff300000)
  to   space 13312K, 0% used [0x00000000ff300000,0x00000000ff300000,0x0000000100000000)
 ParOldGen       total 88576K, used 74129K [0x00000000d0000000, 0x00000000d5680000, 0x00000000f0000000)
  object space 88576K, 83% used [0x00000000d0000000,0x00000000d4864610,0x00000000d5680000)
 Metaspace       used 60049K, capacity 61618K, committed 62036K, reserved 1103872K
  class space    used 6471K, capacity 6950K, committed 7040K, reserved 1048576K
Event: 81.007 GC heap after
Heap after GC invocations=58 (full 6):
 PSYoungGen      total 240640K, used 13305K [0x00000000f0000000, 0x0000000100000000, 0x0000000100000000)
  eden space 227328K, 0% used [0x00000000f0000000,0x00000000f0000000,0x00000000fde00000)
  from space 13312K, 99% used [0x00000000ff300000,0x00000000ffffe440,0x0000000100000000)
  to   space 17408K, 0% used [0x00000000fde00000,0x00000000fde00000,0x00000000fef00000)
 ParOldGen       total 88576K, used 79129K [0x00000000d0000000, 0x00000000d5680000, 0x00000000f0000000)
  object space 88576K, 89% used [0x00000000d0000000,0x00000000d4d46500,0x00000000d5680000)
 Metaspace       used 60049K, capacity 61618K, committed 62036K, reserved 1103872K
  class space    used 6471K, capacity 6950K, committed 7040K, reserved 1048576K
}
Event: 85.670 GC heap before
{Heap before GC invocations=59 (full 6):
 PSYoungGen      total 240640K, used 231799K [0x00000000f0000000, 0x0000000100000000, 0x0000000100000000)
  eden space 227328K, 96% used [0x00000000f0000000,0x00000000fd55f950,0x00000000fde00000)
  from space 13312K, 99% used [0x00000000ff300000,0x00000000ffffe440,0x0000000100000000)
  to   space 17408K, 0% used [0x00000000fde00000,0x00000000fde00000,0x00000000fef00000)
 ParOldGen       total 88576K, used 79129K [0x00000000d0000000, 0x00000000d5680000, 0x00000000f0000000)
  object space 88576K, 89% used [0x00000000d0000000,0x00000000d4d46500,0x00000000d5680000)
 Metaspace       used 61496K, capacity 63084K, committed 63444K, reserved 1105920K
  class space    used 6644K, capacity 7118K, committed 7168K, reserved 1048576K
Event: 85.863 GC heap after
Heap after GC invocations=59 (full 6):
 PSYoungGen      total 244736K, used 17401K [0x00000000f0000000, 0x0000000100000000, 0x0000000100000000)
  eden space 227328K, 0% used [0x00000000f0000000,0x00000000f0000000,0x00000000fde00000)
  from space 17408K, 99% used [0x00000000fde00000,0x00000000feefe658,0x00000000fef00000)
  to   space 17408K, 0% used [0x00000000fef00000,0x00000000fef00000,0x0000000100000000)
 ParOldGen       total 88576K, used 83030K [0x00000000d0000000, 0x00000000d5680000, 0x00000000f0000000)
  object space 88576K, 93% used [0x00000000d0000000,0x00000000d5115970,0x00000000d5680000)
 Metaspace       used 61496K, capacity 63084K, committed 63444K, reserved 1105920K
  class space    used 6644K, capacity 7118K, committed 7168K, reserved 1048576K
}
Event: 85.863 GC heap before
{Heap before GC invocations=60 (full 7):
 PSYoungGen      total 244736K, used 17401K [0x00000000f0000000, 0x0000000100000000, 0x0000000100000000)
  eden space 227328K, 0% used [0x00000000f0000000,0x00000000f0000000,0x00000000fde00000)
  from space 17408K, 99% used [0x00000000fde00000,0x00000000feefe658,0x00000000fef00000)
  to   space 17408K, 0% used [0x00000000fef00000,0x00000000fef00000,0x0000000100000000)
 ParOldGen       total 88576K, used 83030K [0x00000000d0000000, 0x00000000d5680000, 0x00000000f0000000)
  object space 88576K, 93% used [0x00000000d0000000,0x00000000d5115970,0x00000000d5680000)
 Metaspace       used 61496K, capacity 63084K, committed 63444K, reserved 1105920K
  class space    used 6644K, capacity 7118K, committed 7168K, reserved 1048576K
Event: 88.041 GC heap after
Heap after GC invocations=60 (full 7):
 PSYoungGen      total 244736K, used 10181K [0x00000000f0000000, 0x0000000100000000, 0x0000000100000000)
  eden space 227328K, 0% used [0x00000000f0000000,0x00000000f0000000,0x00000000fde00000)
  from space 17408K, 58% used [0x00000000fde00000,0x00000000fe7f1668,0x00000000fef00000)
  to   space 17408K, 0% used [0x00000000fef00000,0x00000000fef00000,0x0000000100000000)
 ParOldGen       total 104448K, used 88281K [0x00000000d0000000, 0x00000000d6600000, 0x00000000f0000000)
  object space 104448K, 84% used [0x00000000d0000000,0x00000000d56364b0,0x00000000d6600000)
 Metaspace       used 61496K, capacity 63084K, committed 63444K, reserved 1105920K
  class space    used 6644K, capacity 7118K, committed 7168K, reserved 1048576K
}
Event: 92.891 GC heap before
{Heap before GC invocations=61 (full 7):
 PSYoungGen      total 244736K, used 237509K [0x00000000f0000000, 0x0000000100000000, 0x0000000100000000)
  eden space 227328K, 100% used [0x00000000f0000000,0x00000000fde00000,0x00000000fde00000)
  from space 17408K, 58% used [0x00000000fde00000,0x00000000fe7f1668,0x00000000fef00000)
  to   space 17408K, 0% used [0x00000000fef00000,0x00000000fef00000,0x0000000100000000)
 ParOldGen       total 104448K, used 88281K [0x00000000d0000000, 0x00000000d6600000, 0x00000000f0000000)
  object space 104448K, 84% used [0x00000000d0000000,0x00000000d56364b0,0x00000000d6600000)
 Metaspace       used 62754K, capacity 64312K, committed 64596K, reserved 1105920K
  class space    used 6781K, capacity 7248K, committed 7296K, reserved 1048576K
Event: 93.050 GC heap after
Heap after GC invocations=61 (full 7):
 PSYoungGen      total 234496K, used 15236K [0x00000000f0000000, 0x0000000100000000, 0x0000000100000000)
  eden space 217088K, 0% used [0x00000000f0000000,0x00000000f0000000,0x00000000fd400000)
  from space 17408K, 87% used [0x00000000fef00000,0x00000000ffde13e8,0x0000000100000000)
  to   space 22528K, 0% used [0x00000000fd400000,0x00000000fd400000,0x00000000fea00000)
 ParOldGen       total 104448K, used 88485K [0x00000000d0000000, 0x00000000d6600000, 0x00000000f0000000)
  object space 104448K, 84% used [0x00000000d0000000,0x00000000d56694c0,0x00000000d6600000)
 Metaspace       used 62754K, capacity 64312K, committed 64596K, reserved 1105920K
  class space    used 6781K, capacity 7248K, committed 7296K, reserved 1048576K
}
Event: 98.033 GC heap before
{Heap before GC invocations=62 (full 7):
 PSYoungGen      total 234496K, used 232324K [0x00000000f0000000, 0x0000000100000000, 0x0000000100000000)
  eden space 217088K, 100% used [0x00000000f0000000,0x00000000fd400000,0x00000000fd400000)
  from space 17408K, 87% used [0x00000000fef00000,0x00000000ffde13e8,0x0000000100000000)
  to   space 22528K, 0% used [0x00000000fd400000,0x00000000fd400000,0x00000000fea00000)
 ParOldGen       total 104448K, used 88485K [0x00000000d0000000, 0x00000000d6600000, 0x00000000f0000000)
  object space 104448K, 84% used [0x00000000d0000000,0x00000000d56694c0,0x00000000d6600000)
 Metaspace       used 64553K, capacity 66182K, committed 66644K, reserved 1107968K
  class space    used 7043K, capacity 7509K, committed 7552K, reserved 1048576K
Event: 98.278 GC heap after
Heap after GC invocations=62 (full 7):
 PSYoungGen      total 239616K, used 22520K [0x00000000f0000000, 0x0000000100000000, 0x0000000100000000)
  eden space 217088K, 0% used [0x00000000f0000000,0x00000000f0000000,0x00000000fd400000)
  from space 22528K, 99% used [0x00000000fd400000,0x00000000fe9fe3e0,0x00000000fea00000)
  to   space 22528K, 0% used [0x00000000fea00000,0x00000000fea00000,0x0000000100000000)
 ParOldGen       total 104448K, used 90973K [0x00000000d0000000, 0x00000000d6600000, 0x00000000f0000000)
  object space 104448K, 87% used [0x00000000d0000000,0x00000000d58d7648,0x00000000d6600000)
 Metaspace       used 64553K, capacity 66182K, committed 66644K, reserved 1107968K
  class space    used 7043K, capacity 7509K, committed 7552K, reserved 1048576K
}

