# JRE version: Java(TM) SE Runtime Environment (8.0-b132) (build 1.8.0-b132)
# Java VM: Java HotSpot(TM) 64-Bit Server VM (25.0-b70 mixed mode windows-amd64 compressed oops)
Heap:
 PSYoungGen      total 219648K, used 216570K [0x00000000f0000000, 0x0000000100000000, 0x0000000100000000)
  eden space 177152K, 98% used [0x00000000f0000000,0x00000000faa25208,0x00000000fad00000)
  from space 42496K, 99% used [0x00000000fad00000,0x00000000fd6598f0,0x00000000fd680000)
  to   space 42496K, 0% used [0x00000000fd680000,0x00000000fd680000,0x0000000100000000)
 ParOldGen       total 91648K, used 79693K [0x00000000d0000000, 0x00000000d5980000, 0x00000000f0000000)
  object space 91648K, 86% used [0x00000000d0000000,0x00000000d4dd3648,0x00000000d5980000)
 Metaspace       used 66800K, capacity 68586K, committed 68808K, reserved 1110016K
  class space    used 7369K, capacity 7880K, committed 7936K, reserved 1048576K
GC Heap History (10 events):
Event: 84.408 GC heap before
{Heap before GC invocations=67 (full 6):
 PSYoungGen      total 229376K, used 214183K [0x00000000f0000000, 0x00000000ffc00000, 0x0000000100000000)
  eden space 202752K, 100% used [0x00000000f0000000,0x00000000fc600000,0x00000000fc600000)
  from space 26624K, 42% used [0x00000000fe200000,0x00000000fed29cf0,0x00000000ffc00000)
  to   space 27648K, 0% used [0x00000000fc600000,0x00000000fc600000,0x00000000fe100000)
 ParOldGen       total 91648K, used 77340K [0x00000000d0000000, 0x00000000d5980000, 0x00000000f0000000)
  object space 91648K, 84% used [0x00000000d0000000,0x00000000d4b87318,0x00000000d5980000)
 Metaspace       used 60682K, capacity 62308K, committed 62664K, reserved 1105920K
  class space    used 6564K, capacity 7051K, committed 7168K, reserved 1048576K
Event: 84.555 GC heap after
Heap after GC invocations=67 (full 6):
 PSYoungGen      total 230400K, used 18303K [0x00000000f0000000, 0x0000000100000000, 0x0000000100000000)
  eden space 202752K, 0% used [0x00000000f0000000,0x00000000f0000000,0x00000000fc600000)
  from space 27648K, 66% used [0x00000000fc600000,0x00000000fd7dfee8,0x00000000fe100000)
  to   space 29184K, 0% used [0x00000000fe380000,0x00000000fe380000,0x0000000100000000)
 ParOldGen       total 91648K, used 77348K [0x00000000d0000000, 0x00000000d5980000, 0x00000000f0000000)
  object space 91648K, 84% used [0x00000000d0000000,0x00000000d4b89318,0x00000000d5980000)
 Metaspace       used 60682K, capacity 62308K, committed 62664K, reserved 1105920K
  class space    used 6564K, capacity 7051K, committed 7168K, reserved 1048576K
}
Event: 87.927 GC heap before
{Heap before GC invocations=68 (full 6):
 PSYoungGen      total 230400K, used 214918K [0x00000000f0000000, 0x0000000100000000, 0x0000000100000000)
  eden space 202752K, 96% used [0x00000000f0000000,0x00000000fc001ca0,0x00000000fc600000)
  from space 27648K, 66% used [0x00000000fc600000,0x00000000fd7dfee8,0x00000000fe100000)
  to   space 29184K, 0% used [0x00000000fe380000,0x00000000fe380000,0x0000000100000000)
 ParOldGen       total 91648K, used 77348K [0x00000000d0000000, 0x00000000d5980000, 0x00000000f0000000)
  object space 91648K, 84% used [0x00000000d0000000,0x00000000d4b89318,0x00000000d5980000)
 Metaspace       used 62063K, capacity 63632K, committed 64072K, reserved 1105920K
  class space    used 6724K, capacity 7214K, committed 7296K, reserved 1048576K
Event: 88.095 GC heap after
Heap after GC invocations=68 (full 6):
 PSYoungGen      total 227840K, used 22459K [0x00000000f0000000, 0x0000000100000000, 0x0000000100000000)
  eden space 198656K, 0% used [0x00000000f0000000,0x00000000f0000000,0x00000000fc200000)
  from space 29184K, 76% used [0x00000000fe380000,0x00000000ff96ee68,0x0000000100000000)
  to   space 31744K, 0% used [0x00000000fc200000,0x00000000fc200000,0x00000000fe100000)
 ParOldGen       total 91648K, used 77348K [0x00000000d0000000, 0x00000000d5980000, 0x00000000f0000000)
  object space 91648K, 84% used [0x00000000d0000000,0x00000000d4b89318,0x00000000d5980000)
 Metaspace       used 62063K, capacity 63632K, committed 64072K, reserved 1105920K
  class space    used 6724K, capacity 7214K, committed 7296K, reserved 1048576K
}
Event: 92.806 GC heap before
{Heap before GC invocations=69 (full 6):
 PSYoungGen      total 227840K, used 221115K [0x00000000f0000000, 0x0000000100000000, 0x0000000100000000)
  eden space 198656K, 100% used [0x00000000f0000000,0x00000000fc200000,0x00000000fc200000)
  from space 29184K, 76% used [0x00000000fe380000,0x00000000ff96ee68,0x0000000100000000)
  to   space 31744K, 0% used [0x00000000fc200000,0x00000000fc200000,0x00000000fe100000)
 ParOldGen       total 91648K, used 77348K [0x00000000d0000000, 0x00000000d5980000, 0x00000000f0000000)
  object space 91648K, 84% used [0x00000000d0000000,0x00000000d4b89318,0x00000000d5980000)
 Metaspace       used 63039K, capacity 64604K, committed 64840K, reserved 1107968K
  class space    used 6806K, capacity 7280K, committed 7296K, reserved 1048576K
Event: 92.914 GC heap after
Heap after GC invocations=69 (full 6):
 PSYoungGen      total 227328K, used 28575K [0x00000000f0000000, 0x0000000100000000, 0x0000000100000000)
  eden space 198656K, 0% used [0x00000000f0000000,0x00000000f0000000,0x00000000fc200000)
  from space 28672K, 99% used [0x00000000fc200000,0x00000000fdde7e80,0x00000000fde00000)
  to   space 34816K, 0% used [0x00000000fde00000,0x00000000fde00000,0x0000000100000000)
 ParOldGen       total 91648K, used 77356K [0x00000000d0000000, 0x00000000d5980000, 0x00000000f0000000)
  object space 91648K, 84% used [0x00000000d0000000,0x00000000d4b8b318,0x00000000d5980000)
 Metaspace       used 63039K, capacity 64604K, committed 64840K, reserved 1107968K
  class space    used 6806K, capacity 7280K, committed 7296K, reserved 1048576K
}
Event: 96.849 GC heap before
{Heap before GC invocations=70 (full 6):
 PSYoungGen      total 227328K, used 226755K [0x00000000f0000000, 0x0000000100000000, 0x0000000100000000)
  eden space 198656K, 99% used [0x00000000f0000000,0x00000000fc189120,0x00000000fc200000)
  from space 28672K, 99% used [0x00000000fc200000,0x00000000fdde7e80,0x00000000fde00000)
  to   space 34816K, 0% used [0x00000000fde00000,0x00000000fde00000,0x0000000100000000)
 ParOldGen       total 91648K, used 77356K [0x00000000d0000000, 0x00000000d5980000, 0x00000000f0000000)
  object space 91648K, 84% used [0x00000000d0000000,0x00000000d4b8b318,0x00000000d5980000)
 Metaspace       used 64712K, capacity 66350K, committed 66760K, reserved 1107968K
  class space    used 7074K, capacity 7564K, committed 7680K, reserved 1048576K
Event: 97.090 GC heap after
Heap after GC invocations=70 (full 6):
 PSYoungGen      total 211968K, used 34807K [0x00000000f0000000, 0x0000000100000000, 0x0000000100000000)
  eden space 177152K, 0% used [0x00000000f0000000,0x00000000f0000000,0x00000000fad00000)
  from space 34816K, 99% used [0x00000000fde00000,0x00000000ffffde40,0x0000000100000000)
  to   space 42496K, 0% used [0x00000000fad00000,0x00000000fad00000,0x00000000fd680000)
 ParOldGen       total 91648K, used 79693K [0x00000000d0000000, 0x00000000d5980000, 0x00000000f0000000)
  object space 91648K, 86% used [0x00000000d0000000,0x00000000d4dd3648,0x00000000d5980000)
 Metaspace       used 64712K, capacity 66350K, committed 66760K, reserved 1107968K
  class space    used 7074K, capacity 7564K, committed 7680K, reserved 1048576K
}
Event: 100.267 GC heap before
{Heap before GC invocations=71 (full 6):
 PSYoungGen      total 211968K, used 211959K [0x00000000f0000000, 0x0000000100000000, 0x0000000100000000)
  eden space 177152K, 100% used [0x00000000f0000000,0x00000000fad00000,0x00000000fad00000)
  from space 34816K, 99% used [0x00000000fde00000,0x00000000ffffde40,0x0000000100000000)
  to   space 42496K, 0% used [0x00000000fad00000,0x00000000fad00000,0x00000000fd680000)
 ParOldGen       total 91648K, used 79693K [0x00000000d0000000, 0x00000000d5980000, 0x00000000f0000000)
  object space 91648K, 86% used [0x00000000d0000000,0x00000000d4dd3648,0x00000000d5980000)
 Metaspace       used 65925K, capacity 67630K, committed 67912K, reserved 1110016K
  class space    used 7239K, capacity 7737K, committed 7808K, reserved 1048576K
Event: 100.510 GC heap after
Heap after GC invocations=71 (full 6):
 PSYoungGen      total 219648K, used 42342K [0x00000000f0000000, 0x0000000100000000, 0x0000000100000000)
  eden space 177152K, 0% used [0x00000000f0000000,0x00000000f0000000,0x00000000fad00000)
  from space 42496K, 99% used [0x00000000fad00000,0x00000000fd6598f0,0x00000000fd680000)
  to   space 42496K, 0% used [0x00000000fd680000,0x00000000fd680000,0x0000000100000000)
 ParOldGen       total 91648K, used 79693K [0x00000000d0000000, 0x00000000d5980000, 0x00000000f0000000)
  object space 91648K, 86% used [0x00000000d0000000,0x00000000d4dd3648,0x00000000d5980000)
 Metaspace       used 65925K, capacity 67630K, committed 67912K, reserved 1110016K
  class space    used 7239K, capacity 7737K, committed 7808K, reserved 1048576K
}

